<?xml version="1.0" encoding="UTF-8"?>
<!-- Generated by org.testng.reporters.JUnitXMLReporter -->
<testsuite ignored="0" hostname="LAPTOP-EIGNA8P9" failures="0" tests="4" name="Default test" time="30.861" errors="0" timestamp="2023-12-09T20:56:52 IST">
  <testcase classname="OrangeHRMApplicationTesting.LogInTest" name="logInTest" time="3.375"/>
  <testcase classname="OrangeHRMApplicationTesting.LogInTest" name="pimTest" time="0.176"/>
  <testcase classname="OrangeHRMApplicationTesting.LogInTest" name="addEmployeeTest" time="0.743"/>
  <testcase classname="OrangeHRMApplicationTesting.LogInTest" name="newAddNewEmployeeTest" time="22.904"/>
</testsuite> <!-- Default test -->
