<?xml version="1.0" encoding="UTF-8"?>
<testng-results ignored="0" total="1" passed="1" failed="0" skipped="0">
  <reporter-output>
  </reporter-output>
  <suite started-at="2023-11-14T11:51:57 IST" name="Default suite" finished-at="2023-11-14T11:51:57 IST" duration-ms="86">
    <groups>
    </groups>
    <test started-at="2023-11-14T11:51:57 IST" name="Default test" finished-at="2023-11-14T11:51:57 IST" duration-ms="86">
      <class name="com.TestNG_rajeshscript.TestNG_basic">
        <test-method signature="gmailApplicationLaunch()[pri:0, instance:com.TestNG_rajeshscript.TestNG_basic@4e7912d8]" started-at="2023-11-14T11:51:57 IST" name="gmailApplicationLaunch" finished-at="2023-11-14T11:51:57 IST" duration-ms="15" status="PASS">
          <reporter-output>
          </reporter-output>
        </test-method> <!-- gmailApplicationLaunch -->
      </class> <!-- com.TestNG_rajeshscript.TestNG_basic -->
    </test> <!-- Default test -->
  </suite> <!-- Default suite -->
</testng-results>
